[0m18:17:43.064559 [debug] [MainThread]: Sending event: {'category': 'dbt', 'action': 'invocation', 'label': 'start', 'context': [<snowplow_tracker.self_describing_json.SelfDescribingJson object at 0x0000018D6AE6DDC0>, <snowplow_tracker.self_describing_json.SelfDescribingJson object at 0x0000018D6AD7B320>, <snowplow_tracker.self_describing_json.SelfDescribingJson object at 0x0000018D6AE6DF70>]}


============================== 18:17:43.068011 | b46b5e5e-be72-4f68-8bee-1db521837c7f ==============================
[0m18:17:43.068011 [info ] [MainThread]: Running with dbt=1.7.11
[0m18:17:43.069928 [debug] [MainThread]: running dbt with arguments {'printer_width': '80', 'indirect_selection': 'eager', 'log_cache_events': 'False', 'write_json': 'True', 'partial_parse': 'True', 'cache_selected_only': 'False', 'warn_error': 'None', 'fail_fast': 'False', 'version_check': 'True', 'log_path': 'logs', 'profiles_dir': 'C:\\Users\\anuja_patil2\\.dbt', 'debug': 'False', 'use_colors': 'True', 'use_experimental_parser': 'False', 'no_print': 'None', 'quiet': 'False', 'log_format': 'default', 'static_parser': 'True', 'invocation_command': 'dbt init dbtudemylearn', 'introspect': 'True', 'target_path': 'None', 'warn_error_options': 'WarnErrorOptions(include=[], exclude=[])', 'send_anonymous_usage_stats': 'True'}
[0m18:17:43.070928 [debug] [MainThread]: Starter project path: C:\Users\anuja_patil2\Desktop\udemy_dbt_course\venv\Lib\site-packages\dbt\include\starter_project
[0m18:17:43.082327 [info ] [MainThread]: 
Your new dbt project "dbtudemylearn" was created!

For more information on how to configure the profiles.yml file,
please consult the dbt documentation here:

  https://docs.getdbt.com/docs/configure-your-profile

One more thing:

Need help? Don't hesitate to reach out to us via GitHub issues or on Slack:

  https://community.getdbt.com/

Happy modeling!

[0m18:17:43.082327 [info ] [MainThread]: Setting up your profile.
[0m18:21:49.216137 [info ] [MainThread]: Profile dbtudemylearn written to C:\Users\anuja_patil2\.dbt\profiles.yml using target's profile_template.yml and your supplied values. Run 'dbt debug' to validate the connection.
[0m18:21:49.216137 [debug] [MainThread]: Command `dbt init` succeeded at 18:21:49.216137 after 246.32 seconds
[0m18:21:49.226272 [debug] [MainThread]: Sending event: {'category': 'dbt', 'action': 'invocation', 'label': 'end', 'context': [<snowplow_tracker.self_describing_json.SelfDescribingJson object at 0x0000018D6AA07C20>, <snowplow_tracker.self_describing_json.SelfDescribingJson object at 0x0000018D6B8816A0>, <snowplow_tracker.self_describing_json.SelfDescribingJson object at 0x0000018D6B660680>]}
[0m18:21:49.226272 [debug] [MainThread]: Flushing usage events
[0m18:21:50.390459 [debug] [MainThread]: Error sending anonymous usage statistics. Disabling tracking for this execution. If you wish to permanently disable tracking, see: https://docs.getdbt.com/reference/global-configs#send-anonymous-usage-stats.
[0m01:14:46.745668 [debug] [MainThread]: Sending event: {'category': 'dbt', 'action': 'invocation', 'label': 'start', 'context': [<snowplow_tracker.self_describing_json.SelfDescribingJson object at 0x0000017BAA4B51C0>, <snowplow_tracker.self_describing_json.SelfDescribingJson object at 0x0000017BAA4B5490>, <snowplow_tracker.self_describing_json.SelfDescribingJson object at 0x0000017BAA4B4CB0>]}


============================== 01:14:46.745668 | b21cf584-9342-4820-81ee-dd5d34d2397e ==============================
[0m01:14:46.745668 [info ] [MainThread]: Running with dbt=1.7.11
[0m01:14:46.745668 [debug] [MainThread]: running dbt with arguments {'printer_width': '80', 'indirect_selection': 'eager', 'write_json': 'True', 'log_cache_events': 'False', 'partial_parse': 'True', 'cache_selected_only': 'False', 'profiles_dir': 'C:\\Users\\anuja_patil2\\.dbt', 'fail_fast': 'False', 'warn_error': 'None', 'log_path': 'logs', 'debug': 'False', 'version_check': 'True', 'use_colors': 'True', 'use_experimental_parser': 'False', 'no_print': 'None', 'quiet': 'False', 'warn_error_options': 'WarnErrorOptions(include=[], exclude=[])', 'introspect': 'True', 'invocation_command': 'dbt run', 'static_parser': 'True', 'target_path': 'None', 'log_format': 'default', 'send_anonymous_usage_stats': 'True'}
[0m01:14:46.745668 [error] [MainThread]: Encountered an error:
Runtime Error
  No dbt_project.yml found at expected path C:\Users\anuja_patil2\Desktop\udemy_dbt_course\dbt_project.yml
  Verify that each entry within packages.yml (and their transitive dependencies) contains a file named dbt_project.yml
  
[0m01:14:46.745668 [debug] [MainThread]: Command `dbt run` failed at 01:14:46.745668 after 0.33 seconds
[0m01:14:46.745668 [debug] [MainThread]: Sending event: {'category': 'dbt', 'action': 'invocation', 'label': 'end', 'context': [<snowplow_tracker.self_describing_json.SelfDescribingJson object at 0x0000017BAA2DE840>, <snowplow_tracker.self_describing_json.SelfDescribingJson object at 0x0000017BAA3BFFB0>, <snowplow_tracker.self_describing_json.SelfDescribingJson object at 0x0000017BAA31E870>]}
[0m01:14:46.745668 [debug] [MainThread]: Flushing usage events
